<?xml version="1.0" encoding="UTF-8"?>
<!-- Generated by org.testng.reporters.JUnitReportReporter -->
<testsuite skipped="0" hostname="Kierans-Air.fritz.box" name="ClicknRideTest" tests="1" failures="0" timestamp="2020-03-23T20:31:16 MEZ" time="10.325" errors="0">
  <testcase name="urlReachable" time="10.325" classname="ClicknRideTest"/>
  <system-out/>
</testsuite> <!-- ClicknRideTest -->
